/crcox/MRI/Manchester/avg/s17_avg.mat
------------------------------------------
Setting up environment variables
---
LD_LIBRARY_PATH is .:v82/runtime/glnxa64:v82/bin/glnxa64:v82/sys/os/glnxa64
Loading data from  ./s17_avg.mat, subject number 17
Initial dimensions: (37,15199)
Filtered dimensions: (36,15184)
Including Bias Unit:        [YES]
Normalizing columns of X:   [YES]
Data loaded and processed.
   cv   lam       lam1    test err    train err      p1 test     p1 train     cor test    cor train       n vox  
  2 |   0.64 |   4.00 |       0.44 |       0.07 |       0.73 |       0.85 |       0.25 |       0.91 |        137
Exit status -- Iteration limit reached (150000 iterations)
Saving stuff.....
Done!

*************
** SUCCESS **
*************

removed `r2013b.tar.gz'
removed `s17_avg.mat'
all clean
