/crcox/MRI/Manchester/avg/s12_avg.mat
------------------------------------------
Setting up environment variables
---
LD_LIBRARY_PATH is .:v82/runtime/glnxa64:v82/bin/glnxa64:v82/sys/os/glnxa64
Loading data from  ./s12_avg.mat, subject number 12
Initial dimensions: (37,13171)
Filtered dimensions: (37,13051)
Including Bias Unit:        [YES]
Normalizing columns of X:   [YES]
Data loaded and processed.
   cv   lam       lam1    test err    train err      p1 test     p1 train     cor test    cor train       n vox  
  4 |   0.10 |   1.00 |       0.59 |       0.01 |       0.47 |       0.79 |      -0.13 |       0.91 |        202
Exit status -- Iteration limit reached (150000 iterations)
Saving stuff.....
Done!

*************
** SUCCESS **
*************

removed `r2013b.tar.gz'
removed `s12_avg.mat'
all clean
