/crcox/MRI/Manchester/avg/s19_avg.mat
------------------------------------------
Setting up environment variables
---
LD_LIBRARY_PATH is .:v82/runtime/glnxa64:v82/bin/glnxa64:v82/sys/os/glnxa64
Loading data from  ./s19_avg.mat, subject number 19
Initial dimensions: (37,14619)
Filtered dimensions: (37,14532)
Including Bias Unit:        [YES]
Normalizing columns of X:   [YES]
Data loaded and processed.
   cv   lam       lam1    test err    train err      p1 test     p1 train     cor test    cor train       n vox  
  3 |   0.64 |   1.00 |       0.42 |       0.07 |       0.61 |       0.87 |       0.17 |       0.91 |         86
Exit status -- Iteration limit reached (150000 iterations)
Saving stuff.....
Done!

*************
** SUCCESS **
*************

removed `r2013b.tar.gz'
removed `s19_avg.mat'
all clean
