/crcox/MRI/Manchester/avg/s22_avg.mat
------------------------------------------
Setting up environment variables
---
LD_LIBRARY_PATH is .:v82/runtime/glnxa64:v82/bin/glnxa64:v82/sys/os/glnxa64
Loading data from  ./s22_avg.mat, subject number 22
Initial dimensions: (37,12453)
Filtered dimensions: (37,12437)
Including Bias Unit:        [YES]
Normalizing columns of X:   [YES]
Data loaded and processed.
   cv   lam       lam1    test err    train err      p1 test     p1 train     cor test    cor train       n vox  
  4 |   0.10 |   1.00 |       0.46 |       0.01 |       0.61 |       0.86 |       0.50 |       0.91 |        176
Exit status -- Iteration limit reached (150000 iterations)
Saving stuff.....
Done!

*************
** SUCCESS **
*************

removed `r2013b.tar.gz'
removed `s22_avg.mat'
all clean
