/crcox/MRI/Manchester/avg/s06_avg.mat
------------------------------------------
Setting up environment variables
---
LD_LIBRARY_PATH is .:v82/runtime/glnxa64:v82/bin/glnxa64:v82/sys/os/glnxa64
Loading data from  ./s06_avg.mat, subject number 6
Initial dimensions: (37,13950)
Filtered dimensions: (37,13824)
Including Bias Unit:        [YES]
Normalizing columns of X:   [YES]
Data loaded and processed.
   cv   lam       lam1    test err    train err      p1 test     p1 train     cor test    cor train       n vox  
  5 |   1.19 |   4.00 |       0.49 |       0.13 |       0.63 |       0.82 |       0.53 |       0.88 |        105
Exit status -- Iteration limit reached (150000 iterations)
Saving stuff.....
Done!

*************
** SUCCESS **
*************

removed `r2013b.tar.gz'
removed `s06_avg.mat'
all clean
