/crcox/MRI/Manchester/avg/s07_avg.mat
------------------------------------------
Setting up environment variables
---
LD_LIBRARY_PATH is .:v82/runtime/glnxa64:v82/bin/glnxa64:v82/sys/os/glnxa64
Loading data from  ./s07_avg.mat, subject number 7
Initial dimensions: (37,11274)
Filtered dimensions: (37,11200)
Including Bias Unit:        [YES]
Normalizing columns of X:   [YES]
Data loaded and processed.
   cv   lam       lam1    test err    train err      p1 test     p1 train     cor test    cor train       n vox  
  5 |   1.19 |   4.00 |       0.55 |       0.12 |       0.54 |       0.83 |       0.34 |       0.88 |         94
Exit status -- Iteration limit reached (150000 iterations)
Saving stuff.....
Done!

*************
** SUCCESS **
*************

removed `r2013b.tar.gz'
removed `s07_avg.mat'
all clean
