/crcox/MRI/Manchester/avg/s21_avg.mat
------------------------------------------
Setting up environment variables
---
LD_LIBRARY_PATH is .:v82/runtime/glnxa64:v82/bin/glnxa64:v82/sys/os/glnxa64
Loading data from  ./s21_avg.mat, subject number 21
Initial dimensions: (37,10960)
Filtered dimensions: (37,10891)
Including Bias Unit:        [YES]
Normalizing columns of X:   [YES]
Data loaded and processed.
   cv   lam       lam1    test err    train err      p1 test     p1 train     cor test    cor train       n vox  
  8 |   1.73 |   4.00 |       0.52 |       0.18 |       0.59 |       0.78 |       0.28 |       0.83 |         73
Exit status -- Iteration limit reached (150000 iterations)
Saving stuff.....
Done!

*************
** SUCCESS **
*************

removed `r2013b.tar.gz'
removed `s21_avg.mat'
all clean
