/crcox/MRI/Manchester/avg/s18_avg.mat
------------------------------------------
Setting up environment variables
---
LD_LIBRARY_PATH is .:v82/runtime/glnxa64:v82/bin/glnxa64:v82/sys/os/glnxa64
Loading data from  ./s18_avg.mat, subject number 18
Initial dimensions: (37,11040)
Filtered dimensions: (37,10981)
Including Bias Unit:        [YES]
Normalizing columns of X:   [YES]
Data loaded and processed.
   cv   lam       lam1    test err    train err      p1 test     p1 train     cor test    cor train       n vox  
  1 |   0.64 |   4.00 |       0.54 |       0.08 |       0.44 |       0.81 |      -0.15 |       0.91 |        142
Exit status -- Iteration limit reached (150000 iterations)
Saving stuff.....
Done!

*************
** SUCCESS **
*************

removed `r2013b.tar.gz'
removed `s18_avg.mat'
all clean
