/crcox/MRI/Manchester/avg/s01_avg.mat
------------------------------------------
Setting up environment variables
---
LD_LIBRARY_PATH is .:v82/runtime/glnxa64:v82/bin/glnxa64:v82/sys/os/glnxa64
Loading data from  ./s01_avg.mat, subject number 1
Initial dimensions: (37,12470)
Filtered dimensions: (36,12434)
Including Bias Unit:        [YES]
Normalizing columns of X:   [YES]
Data loaded and processed.
   cv   lam       lam1    test err    train err      p1 test     p1 train     cor test    cor train       n vox  
  5 |   1.19 |   4.00 |       0.78 |       0.14 |       0.09 |       0.73 |      -0.09 |       0.88 |         93
Exit status -- Iteration limit reached (150000 iterations)
Saving stuff.....
Done!

*************
** SUCCESS **
*************

removed `r2013b.tar.gz'
removed `s01_avg.mat'
all clean
