/crcox/MRI/Manchester/avg/s12_avg.mat
------------------------------------------
Setting up environment variables
---
LD_LIBRARY_PATH is .:v82/runtime/glnxa64:v82/bin/glnxa64:v82/sys/os/glnxa64
Loading data from  ./s12_avg.mat, subject number 12
Initial dimensions: (37,13171)
Filtered dimensions: (37,13051)
Including Bias Unit:        [YES]
Normalizing columns of X:   [YES]
Data loaded and processed.
   cv   lam       lam1    test err    train err      p1 test     p1 train     cor test    cor train       n vox  
  3 |   0.64 |   1.00 |       0.43 |       0.07 |       0.62 |       0.87 |       0.26 |       0.91 |         95
Exit status -- Iteration limit reached (150000 iterations)
Saving stuff.....
Done!

*************
** SUCCESS **
*************

removed `r2013b.tar.gz'
removed `s12_avg.mat'
all clean
