/crcox/MRI/Manchester/avg/s18_avg.mat
------------------------------------------
Setting up environment variables
---
LD_LIBRARY_PATH is .:v82/runtime/glnxa64:v82/bin/glnxa64:v82/sys/os/glnxa64
Loading data from  ./s18_avg.mat, subject number 18
Initial dimensions: (37,11040)
Filtered dimensions: (37,10981)
Including Bias Unit:        [YES]
Normalizing columns of X:   [YES]
Data loaded and processed.
   cv   lam       lam1    test err    train err      p1 test     p1 train     cor test    cor train       n vox  
  7 |   1.19 |   1.00 |       0.69 |       0.13 |       0.47 |       0.76 |       0.10 |       0.87 |         74
Exit status -- Iteration limit reached (150000 iterations)
Saving stuff.....
Done!

*************
** SUCCESS **
*************

removed `r2013b.tar.gz'
removed `s18_avg.mat'
all clean
