/crcox/MRI/Manchester/avg/s10_avg.mat
------------------------------------------
Setting up environment variables
---
LD_LIBRARY_PATH is .:v82/runtime/glnxa64:v82/bin/glnxa64:v82/sys/os/glnxa64
Loading data from  ./s10_avg.mat, subject number 10
Initial dimensions: (37,13511)
Filtered dimensions: (37,13422)
Including Bias Unit:        [YES]
Normalizing columns of X:   [YES]
Data loaded and processed.
   cv   lam       lam1    test err    train err      p1 test     p1 train     cor test    cor train       n vox  
  7 |   1.19 |   1.00 |       0.57 |       0.12 |       0.61 |       0.82 |       0.26 |       0.87 |         70
Exit status -- Iteration limit reached (150000 iterations)
Saving stuff.....
Done!

*************
** SUCCESS **
*************

removed `r2013b.tar.gz'
removed `s10_avg.mat'
all clean
