/crcox/MRI/Manchester/avg/s20_avg.mat
------------------------------------------
Setting up environment variables
---
LD_LIBRARY_PATH is .:v82/runtime/glnxa64:v82/bin/glnxa64:v82/sys/os/glnxa64
Loading data from  ./s20_avg.mat, subject number 20
Initial dimensions: (37,12111)
Filtered dimensions: (37,12034)
Including Bias Unit:        [YES]
Normalizing columns of X:   [YES]
Data loaded and processed.
   cv   lam       lam1    test err    train err      p1 test     p1 train     cor test    cor train       n vox  
  5 |   1.19 |   4.00 |       0.58 |       0.12 |       0.45 |       0.83 |       0.23 |       0.89 |         89
Exit status -- Iteration limit reached (150000 iterations)
Saving stuff.....
Done!

*************
** SUCCESS **
*************

removed `r2013b.tar.gz'
removed `s20_avg.mat'
all clean
