/crcox/MRI/Manchester/avg/s15_avg.mat
------------------------------------------
Setting up environment variables
---
LD_LIBRARY_PATH is .:v82/runtime/glnxa64:v82/bin/glnxa64:v82/sys/os/glnxa64
Loading data from  ./s15_avg.mat, subject number 15
Initial dimensions: (37,14013)
Filtered dimensions: (37,13921)
Including Bias Unit:        [YES]
Normalizing columns of X:   [YES]
Data loaded and processed.
   cv   lam       lam1    test err    train err      p1 test     p1 train     cor test    cor train       n vox  
  6 |   0.64 |   6.00 |       0.44 |       0.07 |       0.66 |       0.79 |       0.06 |       0.91 |        151
Exit status -- Iteration limit reached (150000 iterations)
Saving stuff.....
Done!

*************
** SUCCESS **
*************

removed `r2013b.tar.gz'
removed `s15_avg.mat'
all clean
