/crcox/MRI/Manchester/avg/s16_avg.mat
------------------------------------------
Setting up environment variables
---
LD_LIBRARY_PATH is .:v82/runtime/glnxa64:v82/bin/glnxa64:v82/sys/os/glnxa64
Loading data from  ./s16_avg.mat, subject number 16
Initial dimensions: (37,13767)
Filtered dimensions: (37,13590)
Including Bias Unit:        [YES]
Normalizing columns of X:   [YES]
Data loaded and processed.
   cv   lam       lam1    test err    train err      p1 test     p1 train     cor test    cor train       n vox  
  2 |   0.64 |   4.00 |       0.36 |       0.07 |       0.80 |       0.87 |       0.14 |       0.90 |        115
Exit status -- Iteration limit reached (150000 iterations)
Saving stuff.....
Done!

*************
** SUCCESS **
*************

removed `r2013b.tar.gz'
removed `s16_avg.mat'
all clean
