/crcox/MRI/Manchester/avg/s14_avg.mat
------------------------------------------
Setting up environment variables
---
LD_LIBRARY_PATH is .:v82/runtime/glnxa64:v82/bin/glnxa64:v82/sys/os/glnxa64
Loading data from  ./s14_avg.mat, subject number 14
Initial dimensions: (37,13179)
Filtered dimensions: (37,13114)
Including Bias Unit:        [YES]
Normalizing columns of X:   [YES]
Data loaded and processed.
   cv   lam       lam1    test err    train err      p1 test     p1 train     cor test    cor train       n vox  
  6 |   0.64 |   6.00 |       0.71 |       0.08 |       0.23 |       0.71 |       0.25 |       0.90 |        169
Exit status -- Iteration limit reached (150000 iterations)
Saving stuff.....
Done!

*************
** SUCCESS **
*************

removed `r2013b.tar.gz'
removed `s14_avg.mat'
all clean
